<?xml version="1.0" encoding="UTF-8"?>
<testsuite xmlns:xsi="http://www.w3.org/2001/XMLSchema-instance" xsi:noNamespaceSchemaLocation="https://maven.apache.org/surefire/maven-surefire-plugin/xsd/surefire-test-report.xsd" version="3.0.2" name="com.bootcamp.restaurant.service.WalletServiceTest" time="4.866" tests="11" errors="0" skipped="0" failures="0" flakes="0">
  <properties>
[...]
</properties>
  <testcase name="refund_whenAmountIsNegative_shouldThrow" classname="com.bootcamp.restaurant.service.WalletServiceTest" time="4.551">
    <system-err><![CDATA[Mockito is currently self-attaching to enable the inline-mock-maker. This will no longer work in future releases of the JDK. Please add Mockito as an agent to your build as described in Mockito's documentation: https://javadoc.io/doc/org.mockito/mockito-core/latest/org.mockito/org/mockito/Mockito.html#0.3
WARNING: A Java agent has been loaded dynamically (C:\Users\ASUS\.m2\repository\net\bytebuddy\byte-buddy-agent\1.18.8\byte-buddy-agent-1.18.8.jar)
WARNING: If a serviceability tool is in use, please run with -XX:+EnableDynamicAgentLoading to hide this warning
WARNING: If a serviceability tool is not in use, please run with -Djdk.instrument.traceUsage for more information
WARNING: Dynamic loading of agents will be disallowed by default in a future release
]]></system-err>
  </testcase>
  <testcase name="recharge_whenValid_shouldIncreaseBalance" classname="com.bootcamp.restaurant.service.WalletServiceTest" time="0.151"/>
  <testcase name="deduct_whenInsufficientBalance_shouldThrow" classname="com.bootcamp.restaurant.service.WalletServiceTest" time="0.009"/>
  <testcase name="recharge_whenAmountIsNegative_shouldThrow" classname="com.bootcamp.restaurant.service.WalletServiceTest" time="0.006"/>
  <testcase name="refund_whenValid_shouldIncreaseBalance" classname="com.bootcamp.restaurant.service.WalletServiceTest" time="0.008"/>
  <testcase name="getWalletByUserId_whenNotFound_shouldAutoCreateWallet" classname="com.bootcamp.restaurant.service.WalletServiceTest" time="0.013"/>
  <testcase name="deduct_whenAmountIsZeroOrNegative_shouldThrow" classname="com.bootcamp.restaurant.service.WalletServiceTest" time="0.008"/>
  <testcase name="getWalletByUserId_whenWalletExists_shouldReturnWalletResp" classname="com.bootcamp.restaurant.service.WalletServiceTest" time="0.006"/>
  <testcase name="getTransactions_shouldReturnList" classname="com.bootcamp.restaurant.service.WalletServiceTest" time="0.054"/>
  <testcase name="deduct_whenBalanceSufficient_shouldDecreaseBalance" classname="com.bootcamp.restaurant.service.WalletServiceTest" time="0.008"/>
  <testcase name="recharge_whenAmountIsZero_shouldThrow" classname="com.bootcamp.restaurant.service.WalletServiceTest" time="0.006"/>
</testsuite>